time="2024-08-11T14:30:20+05:00" level=info msg="logger initializing" func="main.go:11" file="main.main()"
time="2024-08-11T14:30:20+05:00" level=info msg="config initializing" func="main.go:13" file="main.main()"
time="2024-08-11T14:30:20+05:00" level=info msg="read application config" func="config.go:40" file="github.com/senizdegen/sdu-housing/property-service/internal/config.GetConfig.func1()"
time="2024-08-11T14:30:20+05:00" level=info msg="Environment variables:\n  MONGODB_PASSWORD string\n    \t" func="config.go:49" file="github.com/senizdegen/sdu-housing/property-service/internal/config.GetConfig.func1()"
time="2024-08-11T14:30:20+05:00" level=fatal msg="field \"Host\" is required but the value is not provided" func="config.go:50" file="github.com/senizdegen/sdu-housing/property-service/internal/config.GetConfig.func1()"
time="2024-08-11T14:31:05+05:00" level=info msg="logger initializing" func="main.go:11" file="main.main()"
time="2024-08-11T14:31:05+05:00" level=info msg="config initializing" func="main.go:13" file="main.main()"
time="2024-08-11T14:31:05+05:00" level=info msg="read application config" func="config.go:40" file="github.com/senizdegen/sdu-housing/property-service/internal/config.GetConfig.func1()"
time="2024-08-11T14:31:05+05:00" level=info msg="&{0xc00000aba3 {port 0.0.0.0 10002} {localhost 27017 senizdegen akberdiev32 sh-property sh-property property}}" func="main.go:15" file="main.main()"
time="2024-08-29T10:46:41+05:00" level=info msg="logger initializing" func="main.go:18" file="main.main()"
time="2024-08-29T10:46:41+05:00" level=info msg="config initializing" func="main.go:20" file="main.main()"
time="2024-08-29T10:46:41+05:00" level=info msg="read application config" func="config.go:40" file="github.com/senizdegen/sdu-housing/property-service/internal/config.GetConfig.func1()"
time="2024-08-29T10:46:41+05:00" level=info msg="&{0xc000134033 {port 0.0.0.0 10002} {localhost 27017 senizdegen akberdiev32 sh-property sh-property property}}" func="main.go:22" file="main.main()"
time="2024-08-29T10:46:41+05:00" level=info msg="router initializing" func="main.go:24" file="main.main()"
time="2024-08-29T10:46:41+05:00" level=fatal msg="failed to create client to mongodb due to error: connection() error occurred during connection handshake: auth error: sasl conversation error: unable to authenticate using mechanism \"SCRAM-SHA-1\": (AuthenticationFailed) Authentication failed." func="main.go:40" file="main.main()"
time="2024-08-29T10:54:30+05:00" level=info msg="logger initializing" func="main.go:18" file="main.main()"
time="2024-08-29T10:54:30+05:00" level=info msg="config initializing" func="main.go:20" file="main.main()"
time="2024-08-29T10:54:30+05:00" level=info msg="read application config" func="config.go:40" file="github.com/senizdegen/sdu-housing/property-service/internal/config.GetConfig.func1()"
time="2024-08-29T10:54:30+05:00" level=info msg="&{0xc000141f33 {port 0.0.0.0 10002} {localhost 27017 senizdegen akberdiev32 sh-property sh-property property}}" func="main.go:22" file="main.main()"
time="2024-08-29T10:54:30+05:00" level=info msg="router initializing" func="main.go:24" file="main.main()"
time="2024-08-29T10:55:35+05:00" level=info msg="logger initializing" func="main.go:18" file="main.main()"
time="2024-08-29T10:55:35+05:00" level=info msg="config initializing" func="main.go:20" file="main.main()"
time="2024-08-29T10:55:35+05:00" level=info msg="read application config" func="config.go:40" file="github.com/senizdegen/sdu-housing/property-service/internal/config.GetConfig.func1()"
time="2024-08-29T10:55:35+05:00" level=info msg="&{0xc0001b6033 {port 0.0.0.0 10002} {localhost 27017 senizdegen akberdiev32 sh-property sh-property property}}" func="main.go:22" file="main.main()"
time="2024-08-29T10:55:35+05:00" level=info msg="router initializing" func="main.go:24" file="main.main()"
time="2024-08-29T10:55:35+05:00" level=debug msg="&{0xc00019c460 sh-property 0xc000197bf0 <nil> 0xc000033b00 0xc0002020a8 0xc0002020c0 <nil> 0xc0000a5880}" func="main.go:43" file="main.main()"
time="2024-08-29T10:55:35+05:00" level=info msg="finished successfully" func="main.go:57" file="main.main()"
